2025-10-16 14:04:57,867 - ERROR - API request error: 400 Client Error: Bad Request for url: https://graph.facebook.com/v18.0/17841477017995116/media?access_token=EAA7UqA2qK7IBPRj0hbWnu8d3ZCyKozeyH2yQzrOYZAsgLbWMaRbhfidtAVdu9u3Bi0rabN2lMO33SMmRD2MkUeZBZBZBEkZAZACuzjx0CtmBpCfPV0wmx4ti6cvVnByZBJCpFlK3YeX9wlvRZCZATCCzZBxlNB06n06ZC0cJi0FEfkZA2LFM8gjMb3DUdZAEGfBMVidDb6h1ZAM
2025-10-16 14:04:57,867 - ERROR - Response: {"error":{"message":"Invalid parameter","type":"OAuthException","code":100,"error_subcode":2207067,"is_transient":false,"error_user_title":"VIDEO\u306f\u30b5\u30dd\u30fc\u30c8\u3055\u308c\u3066\u3044\u306a\u3044\u30e1\u30c7\u30a3\u30a2\u30bf\u30a4\u30d7\u3067\u3059","error_user_msg":"media_type\u306eVIDEO\u5024\u306f\u5229\u7528\u3067\u304d\u306a\u304f\u306a\u308a\u307e\u3057\u305f\u3002Instagram\u30d5\u30a3\u30fc\u30c9\u306b\u52d5\u753b\u3092\u516c\u958b\u3059\u308b\u306b\u306f\u3001REELS\u30e1\u30c7\u30a3\u30a2\u30bf\u30a4\u30d7\u3092\u4f7f\u7528\u3057\u3066\u304f\u3060\u3055\u3044\u3002\u52d5\u753b\u3092\u516c\u958b\u3059\u308b\u306b\u306f\u3001https:\/\/developers.facebook.com\/docs\/instagram-api\/reference\/ig-user\/media#creating\u3092\u3054\u89a7\u304f\u3060\u3055\u3044\u3002","fbtrace_id":"AErpuDyn3r2WSLJqMoWsVNc"}}
2025-10-16 14:10:24,866 - ERROR - API request error: 400 Client Error: Bad Request for url: https://graph.facebook.com/v18.0/17841477017995116/media_publish?access_token=EAA7UqA2qK7IBPRj0hbWnu8d3ZCyKozeyH2yQzrOYZAsgLbWMaRbhfidtAVdu9u3Bi0rabN2lMO33SMmRD2MkUeZBZBZBEkZAZACuzjx0CtmBpCfPV0wmx4ti6cvVnByZBJCpFlK3YeX9wlvRZCZATCCzZBxlNB06n06ZC0cJi0FEfkZA2LFM8gjMb3DUdZAEGfBMVidDb6h1ZAM
2025-10-16 14:10:24,866 - ERROR - Response: {"error":{"message":"Media ID is not available","type":"OAuthException","code":9007,"error_subcode":2207027,"is_transient":false,"error_user_title":"\u516c\u958b\u3067\u304d\u307e\u305b\u3093","error_user_msg":"\u3053\u306e\u30e1\u30c7\u30a3\u30a2\u306f\u516c\u958b\u3059\u308b\u6e96\u5099\u304c\u3067\u304d\u3066\u3044\u307e\u305b\u3093\u3002\u3057\u3070\u3089\u304f\u304a\u5f85\u3061\u304f\u3060\u3055\u3044\u3002","fbtrace_id":"A2qjUsEuBKCEsyWUqF9JGxM"}}
2025-10-16 14:14:08,135 - ERROR - API request error: 400 Client Error: Bad Request for url: https://graph.facebook.com/v18.0/None/media
2025-10-16 14:14:08,135 - ERROR - Response: {"error":{"message":"Unsupported post request. Object with ID 'None' does not exist, cannot be loaded due to missing permissions, or does not support this operation. Please read the Graph API documentation at https:\/\/developers.facebook.com\/docs\/graph-api","type":"GraphMethodException","code":100,"error_subcode":33,"fbtrace_id":"A3mO0yJ23GPCU9c8f9ivNwG"}}
2025-10-17 00:07:54,310 - INFO - Uploading carousel to container: 2 images
2025-10-17 00:07:55,266 - ERROR - API request error: 400 Client Error: Bad Request for url: https://graph.facebook.com/v18.0/17841477017995116/media?access_token=EAA7UqA2qK7IBPRj0hbWnu8d3ZCyKozeyH2yQzrOYZAsgLbWMaRbhfidtAVdu9u3Bi0rabN2lMO33SMmRD2MkUeZBZBZBEkZAZACuzjx0CtmBpCfPV0wmx4ti6cvVnByZBJCpFlK3YeX9wlvRZCZATCCzZBxlNB06n06ZC0cJi0FEfkZA2LFM8gjMb3DUdZAEGfBMVidDb6h1ZAM
2025-10-17 00:07:55,266 - ERROR - Response: {"error":{"message":"(#100) Param children[0] is not a valid builder ID","type":"OAuthException","code":100,"fbtrace_id":"A2NwImvipwAy7K5gnHgVRqx"}}
2025-10-17 00:07:55,266 - ERROR - Carousel post error: 400 Client Error: Bad Request for url: https://graph.facebook.com/v18.0/17841477017995116/media?access_token=EAA7UqA2qK7IBPRj0hbWnu8d3ZCyKozeyH2yQzrOYZAsgLbWMaRbhfidtAVdu9u3Bi0rabN2lMO33SMmRD2MkUeZBZBZBEkZAZACuzjx0CtmBpCfPV0wmx4ti6cvVnByZBJCpFlK3YeX9wlvRZCZATCCzZBxlNB06n06ZC0cJi0FEfkZA2LFM8gjMb3DUdZAEGfBMVidDb6h1ZAM
2025-10-17 08:00:53,818 - INFO - Uploading carousel to container: 2 images
2025-10-17 08:00:54,384 - ERROR - API request error: 400 Client Error: Bad Request for url: https://graph.facebook.com/v18.0/17841477017995116/media?access_token=EAA7UqA2qK7IBPRj0hbWnu8d3ZCyKozeyH2yQzrOYZAsgLbWMaRbhfidtAVdu9u3Bi0rabN2lMO33SMmRD2MkUeZBZBZBEkZAZACuzjx0CtmBpCfPV0wmx4ti6cvVnByZBJCpFlK3YeX9wlvRZCZATCCzZBxlNB06n06ZC0cJi0FEfkZA2LFM8gjMb3DUdZAEGfBMVidDb6h1ZAM
2025-10-17 08:00:54,384 - ERROR - Response: {"error":{"message":"(#100) Param children[0] is not a valid builder ID","type":"OAuthException","code":100,"fbtrace_id":"AzptI7FMPQbMAw1dlHrmHGX"}}
2025-10-17 08:00:54,384 - ERROR - Carousel post error: 400 Client Error: Bad Request for url: https://graph.facebook.com/v18.0/17841477017995116/media?access_token=EAA7UqA2qK7IBPRj0hbWnu8d3ZCyKozeyH2yQzrOYZAsgLbWMaRbhfidtAVdu9u3Bi0rabN2lMO33SMmRD2MkUeZBZBZBEkZAZACuzjx0CtmBpCfPV0wmx4ti6cvVnByZBJCpFlK3YeX9wlvRZCZATCCzZBxlNB06n06ZC0cJi0FEfkZA2LFM8gjMb3DUdZAEGfBMVidDb6h1ZAM
2025-10-18 08:00:54,810 - INFO - Uploading carousel to container: 2 images
2025-10-18 08:00:55,378 - ERROR - API request error: 400 Client Error: Bad Request for url: https://graph.facebook.com/v18.0/17841477017995116/media?access_token=EAA7UqA2qK7IBPRj0hbWnu8d3ZCyKozeyH2yQzrOYZAsgLbWMaRbhfidtAVdu9u3Bi0rabN2lMO33SMmRD2MkUeZBZBZBEkZAZACuzjx0CtmBpCfPV0wmx4ti6cvVnByZBJCpFlK3YeX9wlvRZCZATCCzZBxlNB06n06ZC0cJi0FEfkZA2LFM8gjMb3DUdZAEGfBMVidDb6h1ZAM
2025-10-18 08:00:55,379 - ERROR - Response: {"error":{"message":"(#100) Param children[0] is not a valid builder ID","type":"OAuthException","code":100,"fbtrace_id":"ATLCP7E_Z6uSBHmwW8xLp_h"}}
2025-10-18 08:00:55,379 - ERROR - Carousel post error: 400 Client Error: Bad Request for url: https://graph.facebook.com/v18.0/17841477017995116/media?access_token=EAA7UqA2qK7IBPRj0hbWnu8d3ZCyKozeyH2yQzrOYZAsgLbWMaRbhfidtAVdu9u3Bi0rabN2lMO33SMmRD2MkUeZBZBZBEkZAZACuzjx0CtmBpCfPV0wmx4ti6cvVnByZBJCpFlK3YeX9wlvRZCZATCCzZBxlNB06n06ZC0cJi0FEfkZA2LFM8gjMb3DUdZAEGfBMVidDb6h1ZAM
2025-10-18 16:00:32,253 - INFO - Uploading carousel to container: 2 images
2025-10-18 16:00:33,156 - ERROR - API request error: 400 Client Error: Bad Request for url: https://graph.facebook.com/v18.0/17841477017995116/media?access_token=EAA7UqA2qK7IBPRj0hbWnu8d3ZCyKozeyH2yQzrOYZAsgLbWMaRbhfidtAVdu9u3Bi0rabN2lMO33SMmRD2MkUeZBZBZBEkZAZACuzjx0CtmBpCfPV0wmx4ti6cvVnByZBJCpFlK3YeX9wlvRZCZATCCzZBxlNB06n06ZC0cJi0FEfkZA2LFM8gjMb3DUdZAEGfBMVidDb6h1ZAM
2025-10-18 16:00:33,156 - ERROR - Response: {"error":{"message":"(#100) Param children[0] is not a valid builder ID","type":"OAuthException","code":100,"fbtrace_id":"A3q1h1xMF1UBVudR4UJsGh9"}}
2025-10-18 16:00:33,156 - ERROR - Carousel post error: 400 Client Error: Bad Request for url: https://graph.facebook.com/v18.0/17841477017995116/media?access_token=EAA7UqA2qK7IBPRj0hbWnu8d3ZCyKozeyH2yQzrOYZAsgLbWMaRbhfidtAVdu9u3Bi0rabN2lMO33SMmRD2MkUeZBZBZBEkZAZACuzjx0CtmBpCfPV0wmx4ti6cvVnByZBJCpFlK3YeX9wlvRZCZATCCzZBxlNB06n06ZC0cJi0FEfkZA2LFM8gjMb3DUdZAEGfBMVidDb6h1ZAM
2025-10-19 00:42:13,540 - INFO - Uploading carousel to container: 5 images
2025-10-19 00:42:14,134 - ERROR - API request error: 400 Client Error: Bad Request for url: https://graph.facebook.com/v18.0/17841477017995116/media?access_token=EAA7UqA2qK7IBPRj0hbWnu8d3ZCyKozeyH2yQzrOYZAsgLbWMaRbhfidtAVdu9u3Bi0rabN2lMO33SMmRD2MkUeZBZBZBEkZAZACuzjx0CtmBpCfPV0wmx4ti6cvVnByZBJCpFlK3YeX9wlvRZCZATCCzZBxlNB06n06ZC0cJi0FEfkZA2LFM8gjMb3DUdZAEGfBMVidDb6h1ZAM
2025-10-19 00:42:14,134 - ERROR - Response: {"error":{"message":"(#100) Param children[0] is not a valid builder ID","type":"OAuthException","code":100,"fbtrace_id":"AfPo-zxNsYpcLhR6HjVgl81"}}
2025-10-19 00:42:14,134 - ERROR - Carousel post error: 400 Client Error: Bad Request for url: https://graph.facebook.com/v18.0/17841477017995116/media?access_token=EAA7UqA2qK7IBPRj0hbWnu8d3ZCyKozeyH2yQzrOYZAsgLbWMaRbhfidtAVdu9u3Bi0rabN2lMO33SMmRD2MkUeZBZBZBEkZAZACuzjx0CtmBpCfPV0wmx4ti6cvVnByZBJCpFlK3YeX9wlvRZCZATCCzZBxlNB06n06ZC0cJi0FEfkZA2LFM8gjMb3DUdZAEGfBMVidDb6h1ZAM
2025-10-19 08:06:05,817 - INFO - Uploading carousel to container: 5 images
2025-10-19 08:06:06,349 - ERROR - API request error: 400 Client Error: Bad Request for url: https://graph.facebook.com/v18.0/17841477017995116/media?access_token=EAA7UqA2qK7IBPRj0hbWnu8d3ZCyKozeyH2yQzrOYZAsgLbWMaRbhfidtAVdu9u3Bi0rabN2lMO33SMmRD2MkUeZBZBZBEkZAZACuzjx0CtmBpCfPV0wmx4ti6cvVnByZBJCpFlK3YeX9wlvRZCZATCCzZBxlNB06n06ZC0cJi0FEfkZA2LFM8gjMb3DUdZAEGfBMVidDb6h1ZAM
2025-10-19 08:06:06,349 - ERROR - Response: {"error":{"message":"(#100) Param children[0] is not a valid builder ID","type":"OAuthException","code":100,"fbtrace_id":"AO3YDFLit1ZHoEQlfLAHSn4"}}
2025-10-19 08:06:06,349 - ERROR - Carousel post error: 400 Client Error: Bad Request for url: https://graph.facebook.com/v18.0/17841477017995116/media?access_token=EAA7UqA2qK7IBPRj0hbWnu8d3ZCyKozeyH2yQzrOYZAsgLbWMaRbhfidtAVdu9u3Bi0rabN2lMO33SMmRD2MkUeZBZBZBEkZAZACuzjx0CtmBpCfPV0wmx4ti6cvVnByZBJCpFlK3YeX9wlvRZCZATCCzZBxlNB06n06ZC0cJi0FEfkZA2LFM8gjMb3DUdZAEGfBMVidDb6h1ZAM
2025-10-20 00:00:46,768 - INFO - Uploading carousel to container: 2 images
2025-10-20 00:00:47,210 - ERROR - API request error: 400 Client Error: Bad Request for url: https://graph.facebook.com/v18.0/17841477017995116/media?access_token=EAA7UqA2qK7IBPRj0hbWnu8d3ZCyKozeyH2yQzrOYZAsgLbWMaRbhfidtAVdu9u3Bi0rabN2lMO33SMmRD2MkUeZBZBZBEkZAZACuzjx0CtmBpCfPV0wmx4ti6cvVnByZBJCpFlK3YeX9wlvRZCZATCCzZBxlNB06n06ZC0cJi0FEfkZA2LFM8gjMb3DUdZAEGfBMVidDb6h1ZAM
2025-10-20 00:00:47,210 - ERROR - Response: {"error":{"message":"(#100) Param children[0] is not a valid builder ID","type":"OAuthException","code":100,"fbtrace_id":"AgVoLC4DC28l6e7C4Y1AjAc"}}
2025-10-20 00:00:47,210 - ERROR - Carousel post error: 400 Client Error: Bad Request for url: https://graph.facebook.com/v18.0/17841477017995116/media?access_token=EAA7UqA2qK7IBPRj0hbWnu8d3ZCyKozeyH2yQzrOYZAsgLbWMaRbhfidtAVdu9u3Bi0rabN2lMO33SMmRD2MkUeZBZBZBEkZAZACuzjx0CtmBpCfPV0wmx4ti6cvVnByZBJCpFlK3YeX9wlvRZCZATCCzZBxlNB06n06ZC0cJi0FEfkZA2LFM8gjMb3DUdZAEGfBMVidDb6h1ZAM
2025-10-20 08:00:11,011 - INFO - Uploading carousel to container: 5 images
2025-10-20 08:00:11,514 - ERROR - API request error: 400 Client Error: Bad Request for url: https://graph.facebook.com/v18.0/17841477017995116/media?access_token=EAA7UqA2qK7IBPRj0hbWnu8d3ZCyKozeyH2yQzrOYZAsgLbWMaRbhfidtAVdu9u3Bi0rabN2lMO33SMmRD2MkUeZBZBZBEkZAZACuzjx0CtmBpCfPV0wmx4ti6cvVnByZBJCpFlK3YeX9wlvRZCZATCCzZBxlNB06n06ZC0cJi0FEfkZA2LFM8gjMb3DUdZAEGfBMVidDb6h1ZAM
2025-10-20 08:00:11,515 - ERROR - Response: {"error":{"message":"(#100) Param children[0] is not a valid builder ID","type":"OAuthException","code":100,"fbtrace_id":"AI-NwM_cs58-DX3Hho8pr7r"}}
2025-10-20 08:00:11,515 - ERROR - Carousel post error: 400 Client Error: Bad Request for url: https://graph.facebook.com/v18.0/17841477017995116/media?access_token=EAA7UqA2qK7IBPRj0hbWnu8d3ZCyKozeyH2yQzrOYZAsgLbWMaRbhfidtAVdu9u3Bi0rabN2lMO33SMmRD2MkUeZBZBZBEkZAZACuzjx0CtmBpCfPV0wmx4ti6cvVnByZBJCpFlK3YeX9wlvRZCZATCCzZBxlNB06n06ZC0cJi0FEfkZA2LFM8gjMb3DUdZAEGfBMVidDb6h1ZAM
2025-10-20 16:00:21,905 - INFO - Uploading carousel to container: 5 images
2025-10-20 16:00:22,671 - ERROR - API request error: 400 Client Error: Bad Request for url: https://graph.facebook.com/v18.0/17841477017995116/media?access_token=EAA7UqA2qK7IBPRj0hbWnu8d3ZCyKozeyH2yQzrOYZAsgLbWMaRbhfidtAVdu9u3Bi0rabN2lMO33SMmRD2MkUeZBZBZBEkZAZACuzjx0CtmBpCfPV0wmx4ti6cvVnByZBJCpFlK3YeX9wlvRZCZATCCzZBxlNB06n06ZC0cJi0FEfkZA2LFM8gjMb3DUdZAEGfBMVidDb6h1ZAM
2025-10-20 16:00:22,671 - ERROR - Response: {"error":{"message":"(#100) Param children[0] is not a valid builder ID","type":"OAuthException","code":100,"fbtrace_id":"ANmroJ0E4FoZ2um2IokwLVs"}}
2025-10-20 16:00:22,672 - ERROR - Carousel post error: 400 Client Error: Bad Request for url: https://graph.facebook.com/v18.0/17841477017995116/media?access_token=EAA7UqA2qK7IBPRj0hbWnu8d3ZCyKozeyH2yQzrOYZAsgLbWMaRbhfidtAVdu9u3Bi0rabN2lMO33SMmRD2MkUeZBZBZBEkZAZACuzjx0CtmBpCfPV0wmx4ti6cvVnByZBJCpFlK3YeX9wlvRZCZATCCzZBxlNB06n06ZC0cJi0FEfkZA2LFM8gjMb3DUdZAEGfBMVidDb6h1ZAM
2025-10-21 01:16:30,866 - INFO - Uploading carousel to container: 2 images
2025-10-21 01:16:31,441 - ERROR - API request error: 400 Client Error: Bad Request for url: https://graph.facebook.com/v18.0/17841477017995116/media?access_token=EAA7UqA2qK7IBPRj0hbWnu8d3ZCyKozeyH2yQzrOYZAsgLbWMaRbhfidtAVdu9u3Bi0rabN2lMO33SMmRD2MkUeZBZBZBEkZAZACuzjx0CtmBpCfPV0wmx4ti6cvVnByZBJCpFlK3YeX9wlvRZCZATCCzZBxlNB06n06ZC0cJi0FEfkZA2LFM8gjMb3DUdZAEGfBMVidDb6h1ZAM
2025-10-21 01:16:31,442 - ERROR - Response: {"error":{"message":"(#100) Param children[0] is not a valid builder ID","type":"OAuthException","code":100,"fbtrace_id":"ALyWfd50Ho9hIogzIGsVngL"}}
2025-10-21 01:16:31,442 - ERROR - Carousel post error: 400 Client Error: Bad Request for url: https://graph.facebook.com/v18.0/17841477017995116/media?access_token=EAA7UqA2qK7IBPRj0hbWnu8d3ZCyKozeyH2yQzrOYZAsgLbWMaRbhfidtAVdu9u3Bi0rabN2lMO33SMmRD2MkUeZBZBZBEkZAZACuzjx0CtmBpCfPV0wmx4ti6cvVnByZBJCpFlK3YeX9wlvRZCZATCCzZBxlNB06n06ZC0cJi0FEfkZA2LFM8gjMb3DUdZAEGfBMVidDb6h1ZAM
2025-10-21 08:00:47,379 - INFO - Uploading carousel to container: 2 images
2025-10-21 08:00:47,923 - ERROR - API request error: 400 Client Error: Bad Request for url: https://graph.facebook.com/v18.0/17841477017995116/media?access_token=EAA7UqA2qK7IBPRj0hbWnu8d3ZCyKozeyH2yQzrOYZAsgLbWMaRbhfidtAVdu9u3Bi0rabN2lMO33SMmRD2MkUeZBZBZBEkZAZACuzjx0CtmBpCfPV0wmx4ti6cvVnByZBJCpFlK3YeX9wlvRZCZATCCzZBxlNB06n06ZC0cJi0FEfkZA2LFM8gjMb3DUdZAEGfBMVidDb6h1ZAM
2025-10-21 08:00:47,924 - ERROR - Response: {"error":{"message":"(#100) Param children[0] is not a valid builder ID","type":"OAuthException","code":100,"fbtrace_id":"AoKBf2-VYsuLWGjxzEGNa0Z"}}
2025-10-21 08:00:47,924 - ERROR - Carousel post error: 400 Client Error: Bad Request for url: https://graph.facebook.com/v18.0/17841477017995116/media?access_token=EAA7UqA2qK7IBPRj0hbWnu8d3ZCyKozeyH2yQzrOYZAsgLbWMaRbhfidtAVdu9u3Bi0rabN2lMO33SMmRD2MkUeZBZBZBEkZAZACuzjx0CtmBpCfPV0wmx4ti6cvVnByZBJCpFlK3YeX9wlvRZCZATCCzZBxlNB06n06ZC0cJi0FEfkZA2LFM8gjMb3DUdZAEGfBMVidDb6h1ZAM
2025-10-22 00:02:15,439 - INFO - Uploading carousel to container: 2 images
2025-10-22 00:02:15,994 - ERROR - API request error: 400 Client Error: Bad Request for url: https://graph.facebook.com/v18.0/17841477017995116/media?access_token=EAA7UqA2qK7IBPRj0hbWnu8d3ZCyKozeyH2yQzrOYZAsgLbWMaRbhfidtAVdu9u3Bi0rabN2lMO33SMmRD2MkUeZBZBZBEkZAZACuzjx0CtmBpCfPV0wmx4ti6cvVnByZBJCpFlK3YeX9wlvRZCZATCCzZBxlNB06n06ZC0cJi0FEfkZA2LFM8gjMb3DUdZAEGfBMVidDb6h1ZAM
2025-10-22 00:02:15,994 - ERROR - Response: {"error":{"message":"(#100) Param children[0] is not a valid builder ID","type":"OAuthException","code":100,"fbtrace_id":"ApVXB2zeuBzxhfb2eQAPUXN"}}
2025-10-22 00:02:15,994 - ERROR - Carousel post error: 400 Client Error: Bad Request for url: https://graph.facebook.com/v18.0/17841477017995116/media?access_token=EAA7UqA2qK7IBPRj0hbWnu8d3ZCyKozeyH2yQzrOYZAsgLbWMaRbhfidtAVdu9u3Bi0rabN2lMO33SMmRD2MkUeZBZBZBEkZAZACuzjx0CtmBpCfPV0wmx4ti6cvVnByZBJCpFlK3YeX9wlvRZCZATCCzZBxlNB06n06ZC0cJi0FEfkZA2LFM8gjMb3DUdZAEGfBMVidDb6h1ZAM
2025-10-22 08:01:59,119 - INFO - Uploading carousel to container: 2 images
2025-10-22 08:01:59,764 - ERROR - API request error: 400 Client Error: Bad Request for url: https://graph.facebook.com/v18.0/17841477017995116/media?access_token=EAA7UqA2qK7IBPRj0hbWnu8d3ZCyKozeyH2yQzrOYZAsgLbWMaRbhfidtAVdu9u3Bi0rabN2lMO33SMmRD2MkUeZBZBZBEkZAZACuzjx0CtmBpCfPV0wmx4ti6cvVnByZBJCpFlK3YeX9wlvRZCZATCCzZBxlNB06n06ZC0cJi0FEfkZA2LFM8gjMb3DUdZAEGfBMVidDb6h1ZAM
2025-10-22 08:01:59,764 - ERROR - Response: {"error":{"message":"(#100) Param children[0] is not a valid builder ID","type":"OAuthException","code":100,"fbtrace_id":"AqN_oapNUb3MkipnFcMA6pl"}}
2025-10-22 08:01:59,764 - ERROR - Carousel post error: 400 Client Error: Bad Request for url: https://graph.facebook.com/v18.0/17841477017995116/media?access_token=EAA7UqA2qK7IBPRj0hbWnu8d3ZCyKozeyH2yQzrOYZAsgLbWMaRbhfidtAVdu9u3Bi0rabN2lMO33SMmRD2MkUeZBZBZBEkZAZACuzjx0CtmBpCfPV0wmx4ti6cvVnByZBJCpFlK3YeX9wlvRZCZATCCzZBxlNB06n06ZC0cJi0FEfkZA2LFM8gjMb3DUdZAEGfBMVidDb6h1ZAM
2025-10-22 16:00:59,136 - INFO - Uploading carousel to container: 2 images
2025-10-22 16:01:00,196 - ERROR - API request error: 400 Client Error: Bad Request for url: https://graph.facebook.com/v18.0/17841477017995116/media?access_token=EAA7UqA2qK7IBPRj0hbWnu8d3ZCyKozeyH2yQzrOYZAsgLbWMaRbhfidtAVdu9u3Bi0rabN2lMO33SMmRD2MkUeZBZBZBEkZAZACuzjx0CtmBpCfPV0wmx4ti6cvVnByZBJCpFlK3YeX9wlvRZCZATCCzZBxlNB06n06ZC0cJi0FEfkZA2LFM8gjMb3DUdZAEGfBMVidDb6h1ZAM
2025-10-22 16:01:00,197 - ERROR - Response: {"error":{"message":"(#100) Param children[0] is not a valid builder ID","type":"OAuthException","code":100,"fbtrace_id":"AQOo_b5KqkfToHM6aaFPac3"}}
2025-10-22 16:01:00,197 - ERROR - Carousel post error: 400 Client Error: Bad Request for url: https://graph.facebook.com/v18.0/17841477017995116/media?access_token=EAA7UqA2qK7IBPRj0hbWnu8d3ZCyKozeyH2yQzrOYZAsgLbWMaRbhfidtAVdu9u3Bi0rabN2lMO33SMmRD2MkUeZBZBZBEkZAZACuzjx0CtmBpCfPV0wmx4ti6cvVnByZBJCpFlK3YeX9wlvRZCZATCCzZBxlNB06n06ZC0cJi0FEfkZA2LFM8gjMb3DUdZAEGfBMVidDb6h1ZAM
2025-10-26 16:00:58,925 - INFO - Uploading carousel to container: 2 images
2025-10-26 16:01:01,068 - ERROR - API request error: 400 Client Error: Bad Request for url: https://graph.facebook.com/v18.0/17841477017995116/media?access_token=EAA7UqA2qK7IBPRj0hbWnu8d3ZCyKozeyH2yQzrOYZAsgLbWMaRbhfidtAVdu9u3Bi0rabN2lMO33SMmRD2MkUeZBZBZBEkZAZACuzjx0CtmBpCfPV0wmx4ti6cvVnByZBJCpFlK3YeX9wlvRZCZATCCzZBxlNB06n06ZC0cJi0FEfkZA2LFM8gjMb3DUdZAEGfBMVidDb6h1ZAM
2025-10-26 16:01:01,069 - ERROR - Response: {"error":{"message":"(#100) Param children[0] is not a valid builder ID","type":"OAuthException","code":100,"fbtrace_id":"AvD9OjHKC_OEWQhnfzH6-gS"}}
2025-10-26 16:01:01,069 - ERROR - Carousel post error: 400 Client Error: Bad Request for url: https://graph.facebook.com/v18.0/17841477017995116/media?access_token=EAA7UqA2qK7IBPRj0hbWnu8d3ZCyKozeyH2yQzrOYZAsgLbWMaRbhfidtAVdu9u3Bi0rabN2lMO33SMmRD2MkUeZBZBZBEkZAZACuzjx0CtmBpCfPV0wmx4ti6cvVnByZBJCpFlK3YeX9wlvRZCZATCCzZBxlNB06n06ZC0cJi0FEfkZA2LFM8gjMb3DUdZAEGfBMVidDb6h1ZAM
