2025-10-16 14:01:23 | INFO | Posting with provided content...
2025-10-16 14:01:23 | INFO | Text: 🎶 Unravel the sound of the city and wear your intensity like a broadcast. NOISL is where audible cha...
2025-10-16 14:01:23 | INFO | Image URL: None
2025-10-16 14:01:23 | INFO | Video URL: https://res.cloudinary.com/dmoyeva1q/video/upload/v1760590862/sns-uploads/bcdtcv0yumksl7rjrfpu.mp4
2025-10-16 14:01:23 | INFO | Posting with provided content...
2025-10-16 14:01:23 | ERROR | Error posting with content: 'InstagramGraphAPI' object has no attribute 'create_media_container'
2025-10-16 14:01:23 | ERROR | Immediate post failed
2025-10-16 14:04:56 | INFO | Posting with provided content...
2025-10-16 14:04:56 | INFO | Text: 🎶✨ Dive into the raw pulse of the city with NOISL, where sound meets style in a symphony of rebellio...
2025-10-16 14:04:56 | INFO | Image URL: None
2025-10-16 14:04:56 | INFO | Video URL: https://res.cloudinary.com/dmoyeva1q/video/upload/v1760591080/sns-uploads/nkmrillb9qcrf6ojlkyf.mp4
2025-10-16 14:04:56 | INFO | Posting with provided content...
2025-10-16 14:04:56 | INFO | Posting with video...
2025-10-16 14:04:57 | ERROR | Error posting with content: 400 Client Error: Bad Request for url: https://graph.facebook.com/v18.0/17841477017995116/media?access_token=EAA7UqA2qK7IBPRj0hbWnu8d3ZCyKozeyH2yQzrOYZAsgLbWMaRbhfidtAVdu9u3Bi0rabN2lMO33SMmRD2MkUeZBZBZBEkZAZACuzjx0CtmBpCfPV0wmx4ti6cvVnByZBJCpFlK3YeX9wlvRZCZATCCzZBxlNB06n06ZC0cJi0FEfkZA2LFM8gjMb3DUdZAEGfBMVidDb6h1ZAM
2025-10-16 14:04:57 | ERROR | Immediate post failed
2025-10-16 14:10:03 | INFO | Posting with provided content...
2025-10-16 14:10:03 | INFO | Text: 🎶🔊 Dive into the pulse of the city with NOISL, where every stitch whispers the raw energy of late-ni...
2025-10-16 14:10:03 | INFO | Image URL: None
2025-10-16 14:10:03 | INFO | Video URL: https://res.cloudinary.com/dmoyeva1q/video/upload/v1760591385/sns-uploads/dtq4zabrw15ufabuxt5a.mp4
2025-10-16 14:10:03 | INFO | Posting with provided content...
2025-10-16 14:10:03 | INFO | Posting with video...
2025-10-16 14:10:04 | INFO | Waiting for container to be ready...
2025-10-16 14:10:24 | ERROR | Error posting with content: 400 Client Error: Bad Request for url: https://graph.facebook.com/v18.0/17841477017995116/media_publish?access_token=EAA7UqA2qK7IBPRj0hbWnu8d3ZCyKozeyH2yQzrOYZAsgLbWMaRbhfidtAVdu9u3Bi0rabN2lMO33SMmRD2MkUeZBZBZBEkZAZACuzjx0CtmBpCfPV0wmx4ti6cvVnByZBJCpFlK3YeX9wlvRZCZATCCzZBxlNB06n06ZC0cJi0FEfkZA2LFM8gjMb3DUdZAEGfBMVidDb6h1ZAM
2025-10-16 14:10:24 | ERROR | Immediate post failed
2025-10-16 14:14:07 | INFO | Posting with provided content...
2025-10-16 14:14:07 | INFO | Posting with image...
2025-10-16 14:14:08 | ERROR | Error posting with content: 400 Client Error: Bad Request for url: https://graph.facebook.com/v18.0/None/media
2025-10-16 14:14:08 | INFO | API Key present: False
2025-10-16 14:14:08 | INFO | API Secret present: False
2025-10-16 14:14:08 | INFO | Access Token present: False
2025-10-16 14:14:08 | INFO | Access Token Secret present: False
2025-10-16 14:14:08 | INFO | Bearer Token present: False
2025-10-16 14:14:08 | ERROR | Missing required X API credentials
