2025-10-16 13:57:08 | INFO | 🚀 Instagram auto scheduler started
2025-10-16 13:57:08 | INFO | 📅 Posts scheduled every 8 hours
2025-10-16 13:57:08 | INFO | ⏰ Next posts: 08:00, 16:00, 00:00
2025-10-16 13:57:08 | INFO | Setting up Instagram auto scheduler...
2025-10-16 13:57:08 | INFO | 📅 Scheduled Instagram post at 08:00
2025-10-16 13:57:08 | INFO | 📅 Scheduled Instagram post at 16:00
2025-10-16 13:57:08 | INFO | 📅 Scheduled Instagram post at 00:00
2025-10-16 13:57:08 | INFO | ✅ Instagram auto scheduler configured for 3 posts per day
2025-10-16 16:00:05 | INFO | Starting scheduled Instagram brand post...
2025-10-16 16:00:05 | ERROR | No brands found
2025-10-16 16:00:05 | ERROR | ❌ Scheduled Instagram post failed
2025-10-17 00:07:51 | INFO | 🔄 Daily Instagram post count reset
2025-10-17 00:07:51 | INFO | Starting scheduled Instagram brand post...
2025-10-17 00:07:54 | WARNING | Not enough products for brand SCRNDRIP, using available products
2025-10-17 00:07:54 | INFO | Creating carousel with 2 images for brand: SCRNDRIP
2025-10-17 00:07:55 | ERROR | ❌ Instagram brand post failed
2025-10-17 00:07:55 | ERROR | ❌ Scheduled Instagram post failed
2025-10-17 08:00:51 | INFO | Starting scheduled Instagram brand post...
2025-10-17 08:00:53 | WARNING | Not enough products for brand NOCTYRE, using available products
2025-10-17 08:00:53 | INFO | Creating carousel with 2 images for brand: NOCTYRE
2025-10-17 08:00:54 | ERROR | ❌ Instagram brand post failed
2025-10-17 08:00:54 | ERROR | ❌ Scheduled Instagram post failed
