2025-10-16 14:04:56 | INFO | Posting with provided content...
2025-10-16 14:04:56 | INFO | Text: 🔊 Unleash your sound with NOISL – where clothing meets the audacity of the city! 🖤 Embrace the stacc...
2025-10-16 14:04:56 | INFO | Image URL: None
2025-10-16 14:04:56 | INFO | Video URL: https://res.cloudinary.com/dmoyeva1q/video/upload/v1760591080/sns-uploads/nkmrillb9qcrf6ojlkyf.mp4
2025-10-16 14:04:56 | INFO | Posting with provided content...
2025-10-16 14:04:56 | INFO | Adding video URL to post: https://res.cloudinary.com/dmoyeva1q/video/upload/v1760591080/sns-uploads/nkmrillb9qcrf6ojlkyf.mp4
2025-10-16 14:04:57 | ERROR | Failed to post with client: 401 Unauthorized
Unauthorized
2025-10-16 14:04:57 | ERROR | Immediate post failed
2025-10-16 14:10:03 | INFO | Posting with provided content...
2025-10-16 14:10:03 | INFO | Text: 🎶 Step into the soundscape of the city with NOISL. Where streetwear meets sonic rebellion—each piece...
2025-10-16 14:10:03 | INFO | Image URL: None
2025-10-16 14:10:03 | INFO | Video URL: https://res.cloudinary.com/dmoyeva1q/video/upload/v1760591385/sns-uploads/dtq4zabrw15ufabuxt5a.mp4
2025-10-16 14:10:03 | INFO | Posting with provided content...
2025-10-16 14:10:03 | INFO | Adding video URL to post: https://res.cloudinary.com/dmoyeva1q/video/upload/v1760591385/sns-uploads/dtq4zabrw15ufabuxt5a.mp4
2025-10-16 14:10:03 | ERROR | Failed to post with client: 401 Unauthorized
Unauthorized
2025-10-16 14:10:03 | INFO | Trying fallback with API v1.1...
2025-10-16 14:10:04 | ERROR | Fallback posting also failed: 400 Bad Request
215 - Bad Authentication data.
2025-10-16 14:10:04 | ERROR | Immediate post failed
