2025-10-12 22:05:16 | INFO | X API authentication successful: @GodshipAI
2025-10-12 22:05:16 | ERROR | User info retrieval error: 'NoneType' object has no attribute 'get'
2025-10-12 22:05:17 | INFO | X API authentication successful: @GodshipAI
2025-10-12 22:05:17 | INFO | Outside posting hours: 22:00 (Posting hours: 9-21)
2025-10-12 22:05:17 | INFO | X API authentication successful: @GodshipAI
2025-10-12 22:05:17 | INFO | X API authentication successful: @GodshipAI
2025-10-12 22:05:26 | ERROR | Post text is too long: 300 characters
2025-10-12 22:05:34 | INFO | Post successful: 1977359993520492726
2025-10-12 22:05:34 | INFO | Post history updated: 2025-10-12 (1/10)
2025-10-12 22:08:33 | INFO | Waiting for post interval: 57.0 minutes remaining
2025-10-12 22:08:46 | ERROR | Media upload error riotloom_icon.png: 'Client' object has no attribute 'media_upload'
2025-10-12 22:08:46 | ERROR | Media upload error riotloom_background.png: 'Client' object has no attribute 'media_upload'
2025-10-12 22:08:46 | ERROR | Media upload failed
2025-10-12 22:08:54 | INFO | Post successful: 1977360830724444217
2025-10-12 22:08:54 | INFO | Post history updated: 2025-10-12 (2/10)
2025-10-12 22:12:03 | INFO | Media upload successful: riotloom_icon.png
2025-10-12 22:12:06 | INFO | Media upload successful: riotloom_background.png
2025-10-12 22:12:07 | INFO | Media post successful: 1977361638526521827
2025-10-12 22:12:07 | INFO | Post history updated: 2025-10-12 (3/10)
2025-10-12 22:17:08 | INFO | Media upload successful: riotloom_product.png
2025-10-12 22:17:09 | INFO | Media upload successful: riotloom_background.png
2025-10-12 22:17:10 | INFO | Media post successful: 1977362909509693570
2025-10-12 22:17:10 | INFO | Post history updated: 2025-10-12 (4/10)
2025-10-12 22:20:14 | INFO | Media upload successful: riotloom_product.png
2025-10-12 22:20:15 | INFO | Media upload successful: riotloom_background.png
2025-10-12 22:20:16 | INFO | Media post successful: 1977363690765856796
2025-10-12 22:20:16 | INFO | Post history updated: 2025-10-12 (5/10)
2025-10-12 22:24:23 | WARNING | No products found for brand Chromash, using brand icon
2025-10-12 22:24:23 | INFO | Downloading images for brand: Chromash
2025-10-12 22:24:25 | INFO | Media upload successful: chromash_product.png
2025-10-12 22:24:27 | INFO | Media upload successful: chromash_background.png
2025-10-12 22:24:27 | INFO | Media post successful: 1977364745020936233
2025-10-12 22:24:27 | INFO | Post history updated: 2025-10-12 (6/10)
